TN:
SF:index.js
FN:59,(anonymous_0)
FN:86,(anonymous_1)
FN:87,(anonymous_2)
FN:92,(anonymous_3)
FN:100,(anonymous_4)
FN:113,(anonymous_5)
FN:126,(anonymous_6)
FN:150,(anonymous_7)
FN:179,(anonymous_8)
FN:186,(anonymous_9)
FN:201,(anonymous_10)
FN:226,(anonymous_11)
FN:251,(anonymous_12)
FN:289,(anonymous_13)
FN:333,(anonymous_14)
FN:340,(anonymous_15)
FN:355,(anonymous_16)
FN:383,(anonymous_17)
FN:408,(anonymous_18)
FN:420,(anonymous_19)
FN:433,(anonymous_20)
FNF:21
FNH:4
FNDA:0,(anonymous_0)
FNDA:3,(anonymous_1)
FNDA:0,(anonymous_2)
FNDA:0,(anonymous_3)
FNDA:3,(anonymous_4)
FNDA:100,(anonymous_5)
FNDA:97,(anonymous_6)
FNDA:0,(anonymous_7)
FNDA:0,(anonymous_8)
FNDA:0,(anonymous_9)
FNDA:0,(anonymous_10)
FNDA:0,(anonymous_11)
FNDA:0,(anonymous_12)
FNDA:0,(anonymous_13)
FNDA:0,(anonymous_14)
FNDA:0,(anonymous_15)
FNDA:0,(anonymous_16)
FNDA:0,(anonymous_17)
FNDA:0,(anonymous_18)
FNDA:0,(anonymous_19)
FNDA:0,(anonymous_20)
DA:1,1
DA:2,1
DA:3,1
DA:4,1
DA:5,1
DA:6,1
DA:7,1
DA:9,1
DA:12,1
DA:26,1
DA:35,1
DA:36,1
DA:37,1
DA:43,1
DA:46,1
DA:59,1
DA:60,0
DA:61,0
DA:65,1
DA:72,1
DA:79,1
DA:86,1
DA:87,3
DA:88,0
DA:89,0
DA:90,0
DA:92,0
DA:95,0
DA:100,1
DA:101,3
DA:102,3
DA:103,3
DA:104,3
DA:109,0
DA:113,1
DA:114,100
DA:120,100
DA:123,1
DA:126,1
DA:127,97
DA:129,97
DA:130,0
DA:137,97
DA:138,97
DA:150,1
DA:151,0
DA:152,0
DA:154,0
DA:155,0
DA:158,0
DA:163,0
DA:164,0
DA:166,0
DA:169,0
DA:174,0
DA:179,1
DA:180,0
DA:181,0
DA:185,0
DA:186,0
DA:187,0
DA:190,0
DA:192,0
DA:196,0
DA:201,1
DA:202,0
DA:203,0
DA:205,0
DA:214,0
DA:216,0
DA:221,0
DA:226,1
DA:227,0
DA:228,0
DA:230,0
DA:235,0
DA:236,0
DA:238,0
DA:241,0
DA:246,0
DA:251,1
DA:252,0
DA:253,0
DA:255,0
DA:256,0
DA:259,0
DA:264,0
DA:265,0
DA:266,0
DA:276,0
DA:279,0
DA:284,0
DA:289,1
DA:290,0
DA:291,0
DA:292,0
DA:294,0
DA:295,0
DA:298,0
DA:312,0
DA:313,0
DA:323,0
DA:328,0
DA:333,1
DA:334,0
DA:335,0
DA:339,0
DA:340,0
DA:341,0
DA:344,0
DA:346,0
DA:350,0
DA:355,1
DA:356,0
DA:357,0
DA:359,0
DA:364,0
DA:366,0
DA:367,0
DA:370,0
DA:372,0
DA:377,0
DA:383,1
DA:384,0
DA:385,0
DA:387,0
DA:392,0
DA:393,0
DA:395,0
DA:398,0
DA:403,0
DA:408,1
DA:409,0
DA:416,0
DA:420,1
DA:421,0
DA:425,1
DA:428,1
DA:431,1
DA:432,0
DA:433,0
DA:434,0
LF:142
LH:49
BRDA:13,0,0,1
BRDA:13,0,1,0
BRDA:38,1,0,1
BRDA:38,1,1,0
BRDA:48,2,0,1
BRDA:48,2,1,0
BRDA:52,3,0,0
BRDA:52,3,1,1
BRDA:89,4,0,0
BRDA:89,4,1,0
BRDA:102,5,0,3
BRDA:102,5,1,0
BRDA:102,6,0,3
BRDA:102,6,1,2
BRDA:154,7,0,0
BRDA:154,7,1,0
BRDA:154,8,0,0
BRDA:154,8,1,0
BRDA:163,9,0,0
BRDA:163,9,1,0
BRDA:235,10,0,0
BRDA:235,10,1,0
BRDA:255,11,0,0
BRDA:255,11,1,0
BRDA:255,12,0,0
BRDA:255,12,1,0
BRDA:264,13,0,0
BRDA:264,13,1,0
BRDA:268,14,0,0
BRDA:268,14,1,0
BRDA:269,15,0,0
BRDA:269,15,1,0
BRDA:270,16,0,0
BRDA:270,16,1,0
BRDA:271,17,0,0
BRDA:271,17,1,0
BRDA:294,18,0,0
BRDA:294,18,1,0
BRDA:294,19,0,0
BRDA:294,19,1,0
BRDA:309,20,0,0
BRDA:309,20,1,0
BRDA:309,21,0,0
BRDA:309,21,1,0
BRDA:309,22,0,0
BRDA:309,22,1,0
BRDA:309,23,0,0
BRDA:309,23,1,0
BRDA:361,24,0,0
BRDA:361,24,1,0
BRDA:366,25,0,0
BRDA:366,25,1,0
BRDA:392,26,0,0
BRDA:392,26,1,0
BRDA:431,27,0,0
BRDA:431,27,1,1
BRDA:432,28,0,0
BRDA:432,28,1,0
BRF:58
BRH:8
end_of_record
